<?xml version='1.0' encoding='UTF-8'?>
<testsuite hostname="Colms_PC" name="test.ClassifierTest" tests="3" errors="0" failures="0" time="0.114">
                <properties>
[...]
</properties>
                <testcase classname="test.ClassifierTest" name="wcount should contain the number of times each word appears in a given text" time="0.067"> 
                    </testcase><testcase classname="test.ClassifierTest" name="ccount should contain the number of times each category is used to train the classifier" time="0.016"> 
                    </testcase><testcase classname="test.ClassifierTest" name="classify should provide the expected category" time="0.031"> 
                    </testcase>
                <system-out></system-out>
                <system-err></system-err>
                </testsuite>